<?xml version="1.0" encoding="utf-8"?><testsuites><testsuite errors="0" failures="0" hostname="suellen" name="pytest" skipped="0" tests="4" time="1.789" timestamp="2020-06-12T14:31:30.553019"><testcase classname="test_submit" file="test_submit.py" line="3" name="test_q1" time="0.023"></testcase><testcase classname="test_submit" file="test_submit.py" line="8" name="test_q2" time="0.023"></testcase><testcase classname="test_submit" file="test_submit.py" line="13" name="test_q3" time="0.038"></testcase><testcase classname="test_submit" file="test_submit.py" line="18" name="test_q4" time="0.153"></testcase></testsuite></testsuites>